This is pdfTeX, Version 3.14159265-2.6-1.40.21 (MiKTeX 20.6.29) (preloaded format=pdflatex 2020.7.11)  1 SEP 2020 12:42
entering extended mode
**"E:/GitHub/Credit-Scorecard-Project/Report/LaTeX Document/master.tex"
("E:/GitHub/Credit-Scorecard-Project/Report/LaTeX Document/master.tex"
LaTeX2e <2020-02-02> patch level 5
L3 programming layer <2020-06-18>
("E:/GitHub/Credit-Scorecard-Project/Report/LaTeX Document\docs/preamble.tex"
(C:\Users\Alexander\AppData\Local\Programs\MiKTeX\tex/latex/base\report.cls
Document Class: report 2019/12/20 v1.4l Standard LaTeX document class
(C:\Users\Alexander\AppData\Local\Programs\MiKTeX\tex/latex/base\size10.clo
File: size10.clo 2019/12/20 v1.4l Standard LaTeX file (size option)
)
\c@part=\count167
\c@chapter=\count168
\c@section=\count169
\c@subsection=\count170
\c@subsubsection=\count171
\c@paragraph=\count172
\c@subparagraph=\count173
\c@figure=\count174
\c@table=\count175
\abovecaptionskip=\skip47
\belowcaptionskip=\skip48
\bibindent=\dimen134
)
(C:\Users\Alexander\AppData\Local\Programs\MiKTeX\tex/latex/geometry\geometry.s
ty
Package: geometry 2020/01/02 v5.9 Page Geometry

(C:\Users\Alexander\AppData\Local\Programs\MiKTeX\tex/latex/graphics\keyval.sty
Package: keyval 2014/10/28 v1.15 key=value parser (DPC)
\KV@toks@=\toks15
)
(C:\Users\Alexander\AppData\Local\Programs\MiKTeX\tex/generic/iftex\ifvtex.sty
Package: ifvtex 2019/10/25 v1.7 ifvtex legacy package. Use iftex instead.

(C:\Users\Alexander\AppData\Local\Programs\MiKTeX\tex/generic/iftex\iftex.sty
Package: iftex 2020/03/06 v1.0d TeX engine tests
))
\Gm@cnth=\count176
\Gm@cntv=\count177
\c@Gm@tempcnt=\count178
\Gm@bindingoffset=\dimen135
\Gm@wd@mp=\dimen136
\Gm@odd@mp=\dimen137
\Gm@even@mp=\dimen138
\Gm@layoutwidth=\dimen139
\Gm@layoutheight=\dimen140
\Gm@layouthoffset=\dimen141
\Gm@layoutvoffset=\dimen142
\Gm@dimlist=\toks16

(C:\Users\Alexander\AppData\Local\Programs\MiKTeX\tex/latex/geometry\geometry.c
fg))
(C:\Users\Alexander\AppData\Local\Programs\MiKTeX\tex/latex/amsmath\amsmath.sty
Package: amsmath 2020/01/20 v2.17e AMS math features
\@mathmargin=\skip49
For additional information on amsmath, use the `?' option.

(C:\Users\Alexander\AppData\Local\Programs\MiKTeX\tex/latex/amsmath\amstext.sty
Package: amstext 2000/06/29 v2.01 AMS text
(C:\Users\Alexander\AppData\Local\Programs\MiKTeX\tex/latex/amsmath\amsgen.sty
File: amsgen.sty 1999/11/30 v2.0 generic functions
\@emptytoks=\toks17
\ex@=\dimen143
))
(C:\Users\Alexander\AppData\Local\Programs\MiKTeX\tex/latex/amsmath\amsbsy.sty
Package: amsbsy 1999/11/29 v1.2d Bold Symbols
\pmbraise@=\dimen144
) (C:\Users\Alexander\AppData\Local\Programs\MiKTeX\tex/latex/amsmath\amsopn.st
y
Package: amsopn 2016/03/08 v2.02 operator names
)
\inf@bad=\count179
LaTeX Info: Redefining \frac on input line 227.
\uproot@=\count180
\leftroot@=\count181
LaTeX Info: Redefining \overline on input line 389.
\classnum@=\count182
\DOTSCASE@=\count183
LaTeX Info: Redefining \ldots on input line 486.
LaTeX Info: Redefining \dots on input line 489.
LaTeX Info: Redefining \cdots on input line 610.
\Mathstrutbox@=\box45
\strutbox@=\box46
\big@size=\dimen145
LaTeX Font Info:    Redeclaring font encoding OML on input line 733.
LaTeX Font Info:    Redeclaring font encoding OMS on input line 734.
\macc@depth=\count184
\c@MaxMatrixCols=\count185
\dotsspace@=\muskip16
\c@parentequation=\count186
\dspbrk@lvl=\count187
\tag@help=\toks18
\row@=\count188
\column@=\count189
\maxfields@=\count190
\andhelp@=\toks19
\eqnshift@=\dimen146
\alignsep@=\dimen147
\tagshift@=\dimen148
\tagwidth@=\dimen149
\totwidth@=\dimen150
\lineht@=\dimen151
\@envbody=\toks20
\multlinegap=\skip50
\multlinetaggap=\skip51
\mathdisplay@stack=\toks21
LaTeX Info: Redefining \[ on input line 2859.
LaTeX Info: Redefining \] on input line 2860.
)
(C:\Users\Alexander\AppData\Local\Programs\MiKTeX\tex/latex/amsfonts\amsfonts.s
ty
Package: amsfonts 2013/01/14 v3.01 Basic AMSFonts support
\symAMSa=\mathgroup4
\symAMSb=\mathgroup5
LaTeX Font Info:    Redeclaring math symbol \hbar on input line 98.
LaTeX Font Info:    Overwriting math alphabet `\mathfrak' in version `bold'
(Font)                  U/euf/m/n --> U/euf/b/n on input line 106.
)
(C:\Users\Alexander\AppData\Local\Programs\MiKTeX\tex/latex/amscls\amsthm.sty
Package: amsthm 2020/05/29 v2.20.6
\thm@style=\toks22
\thm@bodyfont=\toks23
\thm@headfont=\toks24
\thm@notefont=\toks25
\thm@headpunct=\toks26
\thm@preskip=\skip52
\thm@postskip=\skip53
\thm@headsep=\skip54
\dth@everypar=\toks27
)
(C:\Users\Alexander\AppData\Local\Programs\MiKTeX\tex/latex/graphics\graphicx.s
ty
Package: graphicx 2019/11/30 v1.2a Enhanced LaTeX Graphics (DPC,SPQR)

(C:\Users\Alexander\AppData\Local\Programs\MiKTeX\tex/latex/graphics\graphics.s
ty
Package: graphics 2019/11/30 v1.4a Standard LaTeX Graphics (DPC,SPQR)

(C:\Users\Alexander\AppData\Local\Programs\MiKTeX\tex/latex/graphics\trig.sty
Package: trig 2016/01/03 v1.10 sin cos tan (DPC)
)
(C:\Users\Alexander\AppData\Local\Programs\MiKTeX\tex/latex/graphics-cfg\graphi
cs.cfg
File: graphics.cfg 2016/06/04 v1.11 sample graphics configuration
)
Package graphics Info: Driver file: pdftex.def on input line 105.

(C:\Users\Alexander\AppData\Local\Programs\MiKTeX\tex/latex/graphics-def\pdftex
.def
File: pdftex.def 2018/01/08 v1.0l Graphics/color driver for pdftex
))
\Gin@req@height=\dimen152
\Gin@req@width=\dimen153
)
(C:\Users\Alexander\AppData\Local\Programs\MiKTeX\tex/latex/booktabs\booktabs.s
ty
Package: booktabs 2020/01/12 v1.61803398 Publication quality tables
\heavyrulewidth=\dimen154
\lightrulewidth=\dimen155
\cmidrulewidth=\dimen156
\belowrulesep=\dimen157
\belowbottomsep=\dimen158
\aboverulesep=\dimen159
\abovetopsep=\dimen160
\cmidrulesep=\dimen161
\cmidrulekern=\dimen162
\defaultaddspace=\dimen163
\@cmidla=\count191
\@cmidlb=\count192
\@aboverulesep=\dimen164
\@belowrulesep=\dimen165
\@thisruleclass=\count193
\@lastruleclass=\count194
\@thisrulewidth=\dimen166
)
(C:\Users\Alexander\AppData\Local\Programs\MiKTeX\tex/latex/siunitx\siunitx.sty
(C:\Users\Alexander\AppData\Local\Programs\MiKTeX\tex/latex/l3kernel\expl3.sty
Package: expl3 2020-06-18 L3 programming layer (loader) 

(C:\Users\Alexander\AppData\Local\Programs\MiKTeX\tex/latex/l3backend\l3backend
-pdfmode.def
File: l3backend-pdfmode.def 2020-06-29 L3 backend support: PDF mode
\l__kernel_color_stack_int=\count195
\l__pdf_internal_box=\box47
))
(C:\Users\Alexander\AppData\Local\Programs\MiKTeX\tex/latex/l3packages/xparse\x
parse.sty
Package: xparse 2020-05-15 L3 Experimental document command parser

(C:\Users\Alexander\AppData\Local\Programs\MiKTeX\tex/latex/l3packages/xparse\x
parse-generic.tex
\l__xparse_current_arg_int=\count196
\g__xparse_grabber_int=\count197
\l__xparse_m_args_int=\count198
\l__xparse_v_nesting_int=\count199
))
Package: siunitx 2020/02/25 v2.8b A comprehensive (SI) units package

(C:\Users\Alexander\AppData\Local\Programs\MiKTeX\tex/latex/tools\array.sty
Package: array 2019/08/31 v2.4l Tabular extension package (FMi)
\col@sep=\dimen167
\ar@mcellbox=\box48
\extrarowheight=\dimen168
\NC@list=\toks28
\extratabsurround=\skip55
\backup@length=\skip56
\ar@cellbox=\box49
)
(C:\Users\Alexander\AppData\Local\Programs\MiKTeX\tex/latex/l3packages/l3keys2e
\l3keys2e.sty
Package: l3keys2e 2020-05-15 LaTeX2e option processing using LaTeX3 keys
)
\l__siunitx_tmp_box=\box50
\l__siunitx_tmp_dim=\dimen169
\l__siunitx_tmp_int=\count266
\l__siunitx_number_mantissa_length_int=\count267
\l__siunitx_number_uncert_length_int=\count268
\l__siunitx_round_int=\count269
\l__siunitx_process_decimal_int=\count270
\l__siunitx_process_uncertainty_int=\count271
\l__siunitx_process_fixed_int=\count272
\l__siunitx_process_integer_min_int=\count273
\l__siunitx_process_precision_int=\count274
\l__siunitx_group_min_int=\count275
\l__siunitx_angle_marker_box=\box51
\l__siunitx_angle_unit_box=\box52
\l__siunitx_angle_marker_dim=\dimen170
\l__siunitx_angle_unit_dim=\dimen171
\l__siunitx_unit_int=\count276
\l__siunitx_unit_denominator_int=\count277
\l__siunitx_unit_numerator_int=\count278
\l__siunitx_unit_prefix_int=\count279
\l__siunitx_unit_prefix_base_int=\count280
\l__siunitx_unit_prefix_gram_int=\count281
\l__siunitx_number_product_int=\count282
\c__siunitx_one_fill_skip=\skip57
\l__siunitx_table_unit_align_skip=\skip58
\l__siunitx_table_exponent_dim=\dimen172
\l__siunitx_table_integer_dim=\dimen173
\l__siunitx_table_mantissa_dim=\dimen174
\l__siunitx_table_marker_dim=\dimen175
\l__siunitx_table_result_dim=\dimen176
\l__siunitx_table_uncert_dim=\dimen177
\l__siunitx_table_fill_pre_dim=\dimen178
\l__siunitx_table_fill_post_dim=\dimen179
\l__siunitx_table_fill_mid_dim=\dimen180
\l__siunitx_table_pre_box=\box53
\l__siunitx_table_post_box=\box54
\l__siunitx_table_mantissa_box=\box55
\l__siunitx_table_result_box=\box56
\l__siunitx_table_number_align_skip=\skip59
\l__siunitx_table_text_align_skip=\skip60

(C:\Users\Alexander\AppData\Local\Programs\MiKTeX\tex/latex/translator\translat
or.sty
Package: translator 2019-05-31 v1.12a Easy translation of strings in LaTeX
))
(C:\Users\Alexander\AppData\Local\Programs\MiKTeX\tex/latex/url\url.sty
\Urlmuskip=\muskip17
Package: url 2013/09/16  ver 3.4  Verb mode for urls, etc.
)
(C:\Users\Alexander\AppData\Local\Programs\MiKTeX\tex/latex/caption\caption.sty
Package: caption 2020/05/30 v3.4k Customizing captions (AR)

(C:\Users\Alexander\AppData\Local\Programs\MiKTeX\tex/latex/caption\caption3.st
y
Package: caption3 2020/05/30 v1.12 caption3 kernel (AR)
Package caption3 Info: TeX engine: e-TeX on input line 61.
\captionmargin=\dimen181
\captionmargin@=\dimen182
\captionwidth=\dimen183
\caption@tempdima=\dimen184
\caption@indent=\dimen185
\caption@parindent=\dimen186
\caption@hangindent=\dimen187
Package caption Info: Standard document class detected.
)
\c@caption@flags=\count283
\c@continuedfloat=\count284
)
(C:\Users\Alexander\AppData\Local\Programs\MiKTeX\tex/latex/caption\subcaption.
sty
Package: subcaption 2020/01/22 v1.3d Sub-captions (AR)
\c@subfigure=\count285
\c@subtable=\count286
)
(C:\Users\Alexander\AppData\Local\Programs\MiKTeX\tex/latex/hyperref\hyperref.s
ty
Package: hyperref 2020-05-15 v7.00e Hypertext links for LaTeX

(C:\Users\Alexander\AppData\Local\Programs\MiKTeX\tex/generic/ltxcmds\ltxcmds.s
ty
Package: ltxcmds 2019/12/15 v1.24 LaTeX kernel commands for general use (HO)
)
(C:\Users\Alexander\AppData\Local\Programs\MiKTeX\tex/generic/pdftexcmds\pdftex
cmds.sty
Package: pdftexcmds 2020-06-27 v0.33 Utility functions of pdfTeX for LuaTeX (HO
)

(C:\Users\Alexander\AppData\Local\Programs\MiKTeX\tex/generic/infwarerr\infware
rr.sty
Package: infwarerr 2019/12/03 v1.5 Providing info/warning/error messages (HO)
)
Package pdftexcmds Info: \pdf@primitive is available.
Package pdftexcmds Info: \pdf@ifprimitive is available.
Package pdftexcmds Info: \pdfdraftmode found.
)
(C:\Users\Alexander\AppData\Local\Programs\MiKTeX\tex/generic/kvsetkeys\kvsetke
ys.sty
Package: kvsetkeys 2019/12/15 v1.18 Key value parser (HO)
)
(C:\Users\Alexander\AppData\Local\Programs\MiKTeX\tex/generic/kvdefinekeys\kvde
finekeys.sty
Package: kvdefinekeys 2019-12-19 v1.6 Define keys (HO)
)
(C:\Users\Alexander\AppData\Local\Programs\MiKTeX\tex/generic/pdfescape\pdfesca
pe.sty
Package: pdfescape 2019/12/09 v1.15 Implements pdfTeX's escape features (HO)
)
(C:\Users\Alexander\AppData\Local\Programs\MiKTeX\tex/latex/hycolor\hycolor.sty
Package: hycolor 2020-01-27 v1.10 Color options for hyperref/bookmark (HO)
)
(C:\Users\Alexander\AppData\Local\Programs\MiKTeX\tex/latex/letltxmacro\letltxm
acro.sty
Package: letltxmacro 2019/12/03 v1.6 Let assignment for LaTeX macros (HO)
)
(C:\Users\Alexander\AppData\Local\Programs\MiKTeX\tex/latex/auxhook\auxhook.sty
Package: auxhook 2019-12-17 v1.6 Hooks for auxiliary files (HO)
)
(C:\Users\Alexander\AppData\Local\Programs\MiKTeX\tex/latex/kvoptions\kvoptions
.sty
Package: kvoptions 2019/11/29 v3.13 Key value format for package options (HO)
)
\@linkdim=\dimen188
\Hy@linkcounter=\count287
\Hy@pagecounter=\count288

(C:\Users\Alexander\AppData\Local\Programs\MiKTeX\tex/latex/hyperref\pd1enc.def
File: pd1enc.def 2020-05-15 v7.00e Hyperref: PDFDocEncoding definition (HO)
Now handling font encoding PD1 ...
... no UTF-8 mapping file for font encoding PD1
)
(C:\Users\Alexander\AppData\Local\Programs\MiKTeX\tex/generic/intcalc\intcalc.s
ty
Package: intcalc 2019/12/15 v1.3 Expandable calculations with integers (HO)
)
(C:\Users\Alexander\AppData\Local\Programs\MiKTeX\tex/generic/etexcmds\etexcmds
.sty
Package: etexcmds 2019/12/15 v1.7 Avoid name clashes with e-TeX commands (HO)
)
\Hy@SavedSpaceFactor=\count289
Package hyperref Info: Hyper figures OFF on input line 4464.
Package hyperref Info: Link nesting OFF on input line 4469.
Package hyperref Info: Hyper index ON on input line 4472.
Package hyperref Info: Plain pages OFF on input line 4479.
Package hyperref Info: Backreferencing OFF on input line 4484.
Package hyperref Info: Implicit mode ON; LaTeX internals redefined.
Package hyperref Info: Bookmarks ON on input line 4717.
\c@Hy@tempcnt=\count290
LaTeX Info: Redefining \url on input line 5076.
\XeTeXLinkMargin=\dimen189

(C:\Users\Alexander\AppData\Local\Programs\MiKTeX\tex/generic/bitset\bitset.sty
Package: bitset 2019/12/09 v1.3 Handle bit-vector datatype (HO)

(C:\Users\Alexander\AppData\Local\Programs\MiKTeX\tex/generic/bigintcalc\bigint
calc.sty
Package: bigintcalc 2019/12/15 v1.5 Expandable calculations on big integers (HO
)
))
\Fld@menulength=\count291
\Field@Width=\dimen190
\Fld@charsize=\dimen191
Package hyperref Info: Hyper figures OFF on input line 6347.
Package hyperref Info: Link nesting OFF on input line 6352.
Package hyperref Info: Hyper index ON on input line 6355.
Package hyperref Info: backreferencing OFF on input line 6362.
Package hyperref Info: Link coloring OFF on input line 6367.
Package hyperref Info: Link coloring with OCG OFF on input line 6372.
Package hyperref Info: PDF/A mode OFF on input line 6377.
LaTeX Info: Redefining \ref on input line 6417.
LaTeX Info: Redefining \pageref on input line 6421.

(C:\Users\Alexander\AppData\Local\Programs\MiKTeX\tex/generic/atbegshi\atbegshi
.sty
Package: atbegshi 2019/12/05 v1.19 At begin shipout hook (HO)
)
\Hy@abspage=\count292
\c@Item=\count293
\c@Hfootnote=\count294
)
Package hyperref Info: Driver (autodetected): hpdftex.

(C:\Users\Alexander\AppData\Local\Programs\MiKTeX\tex/latex/hyperref\hpdftex.de
f
File: hpdftex.def 2020-05-15 v7.00e Hyperref driver for pdfTeX

(C:\Users\Alexander\AppData\Local\Programs\MiKTeX\tex/latex/atveryend\atveryend
.sty
Package: atveryend 2019-12-11 v1.11 Hooks at the very end of document (HO)
Package atveryend Info: \enddocument detected (standard20110627).
)
\Fld@listcount=\count295
\c@bookmark@seq@number=\count296

(C:\Users\Alexander\AppData\Local\Programs\MiKTeX\tex/latex/rerunfilecheck\reru
nfilecheck.sty
Package: rerunfilecheck 2019/12/05 v1.9 Rerun checks for auxiliary files (HO)

(C:\Users\Alexander\AppData\Local\Programs\MiKTeX\tex/generic/uniquecounter\uni
quecounter.sty
Package: uniquecounter 2019/12/15 v1.4 Provide unlimited unique counter (HO)
)
Package uniquecounter Info: New unique counter `rerunfilecheck' on input line 2
86.
)
\Hy@SectionHShift=\skip61
)
Package hyperref Info: Option `colorlinks' set `false' on input line 19.

(C:\Users\Alexander\AppData\Local\Programs\MiKTeX\tex/latex/cleveref\cleveref.s
ty
Package: cleveref 2018/03/27 v0.21.4 Intelligent cross-referencing
Package cleveref Info: `hyperref' support loaded on input line 2370.
LaTeX Info: Redefining \cref on input line 2370.
LaTeX Info: Redefining \Cref on input line 2370.
LaTeX Info: Redefining \crefrange on input line 2370.
LaTeX Info: Redefining \Crefrange on input line 2370.
LaTeX Info: Redefining \cpageref on input line 2370.
LaTeX Info: Redefining \Cpageref on input line 2370.
LaTeX Info: Redefining \cpagerefrange on input line 2370.
LaTeX Info: Redefining \Cpagerefrange on input line 2370.
LaTeX Info: Redefining \labelcref on input line 2370.
LaTeX Info: Redefining \labelcpageref on input line 2370.
Package cleveref Info: `amsthm' support loaded on input line 3026.
)
(C:\Users\Alexander\AppData\Local\Programs\MiKTeX\tex/latex/base\inputenc.sty
Package: inputenc 2018/08/11 v1.3c Input encoding file
\inpenc@prehook=\toks29
\inpenc@posthook=\toks30
)
(C:\Users\Alexander\AppData\Local\Programs\MiKTeX\tex/generic/babel\babel.sty
Package: babel 2020/06/10 3.45 The Babel package

(C:\Users\Alexander\AppData\Local\Programs\MiKTeX\tex/generic/babel\babel.def
File: babel.def 2020/06/10 3.45 Babel common definitions
\babel@savecnt=\count297
\U@D=\dimen192
\l@babelnohyphens=\language79

(C:\Users\Alexander\AppData\Local\Programs\MiKTeX\tex/generic/babel\txtbabel.de
f)
\bbl@readstream=\read2
)
\bbl@dirlevel=\count298

*************************************
* Local config file bblopts.cfg used
*
(C:\Users\Alexander\AppData\Local\Programs\MiKTeX\tex/latex/arabi\bblopts.cfg
File: bblopts.cfg 2005/09/08 v0.1 add Arabic and Farsi to "declared" options of
 babel
)
(C:\Users\Alexander\AppData\Local\Programs\MiKTeX\tex/latex/babel-english\engli
sh.ldf
Language: english 2017/06/06 v3.3r English support from the babel system
Package babel Info: \l@canadian = using hyphenrules for english
(babel)             (\language0) on input line 102.
Package babel Info: \l@australian = using hyphenrules for ukenglish
(babel)             (\language73) on input line 105.
Package babel Info: \l@newzealand = using hyphenrules for ukenglish
(babel)             (\language73) on input line 108.
))
(C:\Users\Alexander\AppData\Local\Programs\MiKTeX\tex/latex/biblatex\biblatex.s
ty
Package: biblatex 2019/12/01 v3.14 programmable bibliographies (PK/MW)

(C:\Users\Alexander\AppData\Local\Programs\MiKTeX\tex/latex/etoolbox\etoolbox.s
ty
Package: etoolbox 2019/09/21 v2.5h e-TeX tools for LaTeX (JAW)
\etb@tempcnta=\count299
)
(C:\Users\Alexander\AppData\Local\Programs\MiKTeX\tex/latex/logreq\logreq.sty
Package: logreq 2010/08/04 v1.0 xml request logger
\lrq@indent=\count300

(C:\Users\Alexander\AppData\Local\Programs\MiKTeX\tex/latex/logreq\logreq.def
File: logreq.def 2010/08/04 v1.0 logreq spec v1.0
)) (C:\Users\Alexander\AppData\Local\Programs\MiKTeX\tex/latex/base\ifthen.sty
Package: ifthen 2014/09/29 v1.1c Standard LaTeX ifthen package (DPC)
)
\c@tabx@nest=\count301
\c@listtotal=\count302
\c@listcount=\count303
\c@liststart=\count304
\c@liststop=\count305
\c@citecount=\count306
\c@citetotal=\count307
\c@multicitecount=\count308
\c@multicitetotal=\count309
\c@instcount=\count310
\c@maxnames=\count311
\c@minnames=\count312
\c@maxitems=\count313
\c@minitems=\count314
\c@citecounter=\count315
\c@maxcitecounter=\count316
\c@savedcitecounter=\count317
\c@uniquelist=\count318
\c@uniquename=\count319
\c@refsection=\count320
\c@refsegment=\count321
\c@maxextratitle=\count322
\c@maxextratitleyear=\count323
\c@maxextraname=\count324
\c@maxextradate=\count325
\c@maxextraalpha=\count326
\c@abbrvpenalty=\count327
\c@highnamepenalty=\count328
\c@lownamepenalty=\count329
\c@maxparens=\count330
\c@parenlevel=\count331
\blx@tempcnta=\count332
\blx@tempcntb=\count333
\blx@tempcntc=\count334
\blx@maxsection=\count335
\blx@maxsegment@0=\count336
\blx@notetype=\count337
\blx@parenlevel@text=\count338
\blx@parenlevel@foot=\count339
\blx@sectionciteorder@0=\count340
\blx@entrysetcounter=\count341
\labelnumberwidth=\skip62
\labelalphawidth=\skip63
\biblabelsep=\skip64
\bibitemsep=\skip65
\bibnamesep=\skip66
\bibinitsep=\skip67
\bibparsep=\skip68
\bibhang=\skip69
\blx@bcfin=\read3
\blx@bcfout=\write3
\blx@langwohyphens=\language80
\c@mincomprange=\count342
\c@maxcomprange=\count343
\c@mincompwidth=\count344
Package biblatex Info: Trying to load biblatex default data model...
Package biblatex Info: ... file 'blx-dm.def' found.

(C:\Users\Alexander\AppData\Local\Programs\MiKTeX\tex/latex/biblatex\blx-dm.def
File: blx-dm.def 2019/12/01 v3.14 biblatex localization (PK/MW)
)
Package biblatex Info: Trying to load biblatex style data model...
Package biblatex Info: ... file 'authoryear.dbx' not found.
Package biblatex Info: Trying to load biblatex custom data model...
Package biblatex Info: ... file 'biblatex-dm.cfg' not found.
\c@afterword=\count345
\c@savedafterword=\count346
\c@annotator=\count347
\c@savedannotator=\count348
\c@author=\count349
\c@savedauthor=\count350
\c@bookauthor=\count351
\c@savedbookauthor=\count352
\c@commentator=\count353
\c@savedcommentator=\count354
\c@editor=\count355
\c@savededitor=\count356
\c@editora=\count357
\c@savededitora=\count358
\c@editorb=\count359
\c@savededitorb=\count360
\c@editorc=\count361
\c@savededitorc=\count362
\c@foreword=\count363
\c@savedforeword=\count364
\c@holder=\count365
\c@savedholder=\count366
\c@introduction=\count367
\c@savedintroduction=\count368
\c@namea=\count369
\c@savednamea=\count370
\c@nameb=\count371
\c@savednameb=\count372
\c@namec=\count373
\c@savednamec=\count374
\c@translator=\count375
\c@savedtranslator=\count376
\c@shortauthor=\count377
\c@savedshortauthor=\count378
\c@shorteditor=\count379
\c@savedshorteditor=\count380
\c@labelname=\count381
\c@savedlabelname=\count382
\c@institution=\count383
\c@savedinstitution=\count384
\c@lista=\count385
\c@savedlista=\count386
\c@listb=\count387
\c@savedlistb=\count388
\c@listc=\count389
\c@savedlistc=\count390
\c@listd=\count391
\c@savedlistd=\count392
\c@liste=\count393
\c@savedliste=\count394
\c@listf=\count395
\c@savedlistf=\count396
\c@location=\count397
\c@savedlocation=\count398
\c@organization=\count399
\c@savedorganization=\count400
\c@origlocation=\count401
\c@savedoriglocation=\count402
\c@origpublisher=\count403
\c@savedorigpublisher=\count404
\c@publisher=\count405
\c@savedpublisher=\count406
\c@language=\count407
\c@savedlanguage=\count408
\c@origlanguage=\count409
\c@savedoriglanguage=\count410
\c@pageref=\count411
\c@savedpageref=\count412
\shorthandwidth=\skip70
\shortjournalwidth=\skip71
\shortserieswidth=\skip72
\shorttitlewidth=\skip73
\shortauthorwidth=\skip74
\shorteditorwidth=\skip75
\locallabelnumberwidth=\skip76
\locallabelalphawidth=\skip77
\localshorthandwidth=\skip78
\localshortjournalwidth=\skip79
\localshortserieswidth=\skip80
\localshorttitlewidth=\skip81
\localshortauthorwidth=\skip82
\localshorteditorwidth=\skip83
Package biblatex Info: Trying to load compatibility code...
Package biblatex Info: ... file 'blx-compat.def' found.

(C:\Users\Alexander\AppData\Local\Programs\MiKTeX\tex/latex/biblatex\blx-compat
.def
File: blx-compat.def 2019/12/01 v3.14 biblatex compatibility (PK/MW)
)
Package biblatex Info: Trying to load BibTeX backend compatibility...
Package biblatex Info: ... file 'blx-bibtex.def' found.

(C:\Users\Alexander\AppData\Local\Programs\MiKTeX\tex/latex/biblatex\blx-bibtex
.def
File: blx-bibtex.def 2019/12/01 v3.14 biblatex compatibility (PK/MW)


Package biblatex Warning: Using fall-back BibTeX(8) backend:
(biblatex)                functionality may be reduced/unavailable.

)
Package biblatex Info: Trying to load generic definitions...
Package biblatex Info: ... file 'biblatex.def' found.

(C:\Users\Alexander\AppData\Local\Programs\MiKTeX\tex/latex/biblatex\biblatex.d
ef
File: biblatex.def 2019/12/01 v3.14 biblatex compatibility (PK/MW)
\c@textcitecount=\count413
\c@textcitetotal=\count414
\c@textcitemaxnames=\count415
\c@biburlbigbreakpenalty=\count416
\c@biburlbreakpenalty=\count417
\c@biburlnumpenalty=\count418
\c@biburlucpenalty=\count419
\c@biburllcpenalty=\count420
\biburlbigskip=\muskip18
\biburlnumskip=\muskip19
\biburlucskip=\muskip20
\biburllcskip=\muskip21
\c@smartand=\count421
)
Package biblatex Info: Trying to load bibliography style 'authoryear'...
Package biblatex Info: ... file 'authoryear.bbx' found.

(C:\Users\Alexander\AppData\Local\Programs\MiKTeX\tex/latex/biblatex/bbx\author
year.bbx
File: authoryear.bbx 2019/12/01 v3.14 biblatex bibliography style (PK/MW)
Package biblatex Info: Trying to load bibliography style 'standard'...
Package biblatex Info: ... file 'standard.bbx' found.

(C:\Users\Alexander\AppData\Local\Programs\MiKTeX\tex/latex/biblatex/bbx\standa
rd.bbx
File: standard.bbx 2019/12/01 v3.14 biblatex bibliography style (PK/MW)
\c@bbx:relatedcount=\count422
\c@bbx:relatedtotal=\count423
))
Package biblatex Info: Trying to load citation style 'authoryear'...
Package biblatex Info: ... file 'authoryear.cbx' found.

(C:\Users\Alexander\AppData\Local\Programs\MiKTeX\tex/latex/biblatex/cbx\author
year.cbx
File: authoryear.cbx 2019/12/01 v3.14 biblatex citation style (PK/MW)
Package biblatex Info: Redefining '\cite'.
Package biblatex Info: Redefining '\parencite'.
Package biblatex Info: Redefining '\footcite'.
Package biblatex Info: Redefining '\footcitetext'.
Package biblatex Info: Redefining '\smartcite'.
Package biblatex Info: Redefining '\textcite'.
Package biblatex Info: Redefining '\textcites'.
)
Package biblatex Info: Trying to load configuration file...
Package biblatex Info: ... file 'biblatex.cfg' found.

(C:\Users\Alexander\AppData\Local\Programs\MiKTeX\tex/latex/biblatex\biblatex.c
fg
File: biblatex.cfg 
))
(C:\Users\Alexander\AppData\Local\Programs\MiKTeX\tex/latex/listings\listings.s
ty
\lst@mode=\count424
\lst@gtempboxa=\box57
\lst@token=\toks31
\lst@length=\count425
\lst@currlwidth=\dimen193
\lst@column=\count426
\lst@pos=\count427
\lst@lostspace=\dimen194
\lst@width=\dimen195
\lst@newlines=\count428
\lst@lineno=\count429
\lst@maxwidth=\dimen196

(C:\Users\Alexander\AppData\Local\Programs\MiKTeX\tex/latex/listings\lstmisc.st
y
File: lstmisc.sty 2020/03/24 1.8d (Carsten Heinz)
\c@lstnumber=\count430
\lst@skipnumbers=\count431
\lst@framebox=\box58
)
(C:\Users\Alexander\AppData\Local\Programs\MiKTeX\tex/latex/listings\listings.c
fg
File: listings.cfg 2020/03/24 1.8d listings configuration
))
Package: listings 2020/03/24 1.8d (Carsten Heinz)

(C:\Users\Alexander\AppData\Local\Programs\MiKTeX\tex/latex/float\float.sty
Package: float 2001/11/08 v1.3d Float enhancements (AL)
\c@float@type=\count432
\float@exts=\toks32
\float@box=\box59
\@float@everytoks=\toks33
\@floatcapt=\box60
)
(C:\Users\Alexander\AppData\Local\Programs\MiKTeX\tex/latex/pdflscape\pdflscape
.sty
Package: pdflscape 2019/12/05 v0.12 Display of landscape pages in PDF (HO)

(C:\Users\Alexander\AppData\Local\Programs\MiKTeX\tex/latex/graphics\lscape.sty
Package: lscape 2000/10/22 v3.01 Landscape Pages (DPC)
)
Package pdflscape Info: Auto-detected driver: pdftex on input line 81.
) (C:\Users\Alexander\AppData\Local\Programs\MiKTeX\tex/latex/tools\bm.sty
Package: bm 2019/07/24 v1.2d Bold Symbol Support (DPC/FMi)
\symboldoperators=\mathgroup6
\symboldletters=\mathgroup7
\symboldsymbols=\mathgroup8
LaTeX Font Info:    Redeclaring math alphabet \mathbf on input line 141.
LaTeX Info: Redefining \bm on input line 209.
)
(C:\Users\Alexander\AppData\Local\Programs\MiKTeX\tex/latex/appendix\appendix.s
ty
Package: appendix 2020/02/08 v1.2c extra appendix facilities
\c@@pps=\count433
\c@@ppsavesec=\count434
\c@@ppsaveapp=\count435
)
\c@thm=\count436
\c@defn=\count437
)

Package biblatex Warning: 'babel/polyglossia' detected but 'csquotes' missing.
(biblatex)                Loading 'csquotes' recommended.

\@quotelevel=\count438
\@quotereset=\count439
No file master.aux.
\openout1 = `master.aux'.

LaTeX Font Info:    Checking defaults for OML/cmm/m/it on input line 7.
LaTeX Font Info:    ... okay on input line 7.
LaTeX Font Info:    Checking defaults for OMS/cmsy/m/n on input line 7.
LaTeX Font Info:    ... okay on input line 7.
LaTeX Font Info:    Checking defaults for OT1/cmr/m/n on input line 7.
LaTeX Font Info:    ... okay on input line 7.
LaTeX Font Info:    Checking defaults for T1/cmr/m/n on input line 7.
LaTeX Font Info:    ... okay on input line 7.
LaTeX Font Info:    Checking defaults for TS1/cmr/m/n on input line 7.
LaTeX Font Info:    ... okay on input line 7.
LaTeX Font Info:    Checking defaults for OMX/cmex/m/n on input line 7.
LaTeX Font Info:    ... okay on input line 7.
LaTeX Font Info:    Checking defaults for U/cmr/m/n on input line 7.
LaTeX Font Info:    ... okay on input line 7.
LaTeX Font Info:    Checking defaults for PD1/pdf/m/n on input line 7.
LaTeX Font Info:    ... okay on input line 7.
*geometry* driver: auto-detecting
*geometry* detected driver: pdftex
*geometry* verbose mode - [ preamble ] result:
* driver: pdftex
* paper: a4paper
* layout: <same size as paper>
* layoutoffset:(h,v)=(0.0pt,0.0pt)
* modes: 
* h-part:(L,W,R)=(89.62709pt, 418.25368pt, 89.6271pt)
* v-part:(T,H,B)=(101.40665pt, 591.5302pt, 152.11pt)
* \paperwidth=597.50787pt
* \paperheight=845.04684pt
* \textwidth=418.25368pt
* \textheight=591.5302pt
* \oddsidemargin=17.3571pt
* \evensidemargin=17.3571pt
* \topmargin=-7.86334pt
* \headheight=12.0pt
* \headsep=25.0pt
* \topskip=10.0pt
* \footskip=30.0pt
* \marginparwidth=65.0pt
* \marginparsep=11.0pt
* \columnsep=10.0pt
* \skip\footins=9.0pt plus 4.0pt minus 2.0pt
* \hoffset=0.0pt
* \voffset=0.0pt
* \mag=1000
* \@twocolumnfalse
* \@twosidefalse
* \@mparswitchfalse
* \@reversemarginfalse
* (1in=72.27pt=25.4mm, 1cm=28.453pt)


(C:\Users\Alexander\AppData\Local\Programs\MiKTeX\tex/context/base/mkii\supp-pd
f.mkii
[Loading MPS to PDF converter (version 2006.09.02).]
\scratchcounter=\count440
\scratchdimen=\dimen197
\scratchbox=\box61
\nofMPsegments=\count441
\nofMParguments=\count442
\everyMPshowfont=\toks34
\MPscratchCnt=\count443
\MPscratchDim=\dimen198
\MPnumerator=\count444
\makeMPintoPDFobject=\count445
\everyMPtoPDFconversion=\toks35
)
(C:\Users\Alexander\AppData\Local\Programs\MiKTeX\tex/latex/epstopdf-pkg\epstop
df-base.sty
Package: epstopdf-base 2020-01-24 v2.11 Base part for package epstopdf

(C:\Users\Alexander\AppData\Local\Programs\MiKTeX\tex/latex/grfext\grfext.sty
Package: grfext 2019/12/03 v1.3 Manage graphics extensions (HO)
)
Package epstopdf-base Info: Redefining graphics rule for `.eps' on input line 4
85.
Package grfext Info: Graphics extension search list:
(grfext)             [.pdf,.png,.jpg,.mps,.jpeg,.jbig2,.jb2,.PDF,.PNG,.JPG,.JPE
G,.JBIG2,.JB2,.eps]
(grfext)             \AppendGraphicsExtensions on input line 504.
)
(C:\Users\Alexander\AppData\Local\Programs\MiKTeX\tex/latex/translator\translat
or-basic-dictionary-English.dict
Dictionary: translator-basic-dictionary, Language: English 
)
(C:\Users\Alexander\AppData\Local\Programs\MiKTeX\tex/latex/siunitx\siunitx-abb
reviations.cfg
File: siunitx-abbreviations.cfg 2017/11/26 v2.7k siunitx: Abbreviated units
)
Package caption Info: Begin \AtBeginDocument code.
Package caption Info: float package is loaded.
Package caption Info: hyperref package is loaded.
Package caption Info: listings package is loaded.
Package caption Info: End \AtBeginDocument code.
\AtBeginShipoutBox=\box62
Package hyperref Info: Link coloring OFF on input line 7.

(C:\Users\Alexander\AppData\Local\Programs\MiKTeX\tex/latex/hyperref\nameref.st
y
Package: nameref 2019/09/16 v2.46 Cross-referencing by name of section

(C:\Users\Alexander\AppData\Local\Programs\MiKTeX\tex/latex/refcount\refcount.s
ty
Package: refcount 2019/12/15 v3.6 Data extraction from label references (HO)
)
(C:\Users\Alexander\AppData\Local\Programs\MiKTeX\tex/generic/gettitlestring\ge
ttitlestring.sty
Package: gettitlestring 2019/12/15 v1.6 Cleanup title references (HO)
)
\c@section@level=\count446
)
LaTeX Info: Redefining \ref on input line 7.
LaTeX Info: Redefining \pageref on input line 7.
LaTeX Info: Redefining \nameref on input line 7.
\@outlinefile=\write4
\openout4 = `master.out'.

Package biblatex Info: Trying to load language 'english'...
Package biblatex Info: ... file 'english.lbx' found.

(C:\Users\Alexander\AppData\Local\Programs\MiKTeX\tex/latex/biblatex/lbx\englis
h.lbx
File: english.lbx 2019/12/01 v3.14 biblatex localization (PK/MW)
)
Package biblatex Info: Input encoding 'utf8' detected.
Package biblatex Info: Automatic encoding selection.
(biblatex)             Assuming data encoding 'utf8'.
Package biblatex Info: Input encoding 'utf8' specified.
Package biblatex Info: Data encoding 'utf8' specified.
(biblatex)             No need to reencode data.
\openout3 = `master-blx.bib'.

Package biblatex Info: Trying to load bibliographic data...
Package biblatex Info: ... file 'master.bbl' not found.

No file master.bbl.
Package biblatex Info: Reference section=0 on input line 7.
Package biblatex Info: Reference segment=0 on input line 7.
\c@lstlisting=\count447
LaTeX Font Info:    Trying to load font information for U+msa on input line 7.
(C:\Users\Alexander\AppData\Local\Programs\MiKTeX\tex/latex/amsfonts\umsa.fd
File: umsa.fd 2013/01/14 v3.01 AMS symbols A
)
LaTeX Font Info:    Trying to load font information for U+msb on input line 7.

(C:\Users\Alexander\AppData\Local\Programs\MiKTeX\tex/latex/amsfonts\umsb.fd
File: umsb.fd 2013/01/14 v3.01 AMS symbols B
)
[1

{C:/Users/Alexander/AppData/Local/MiKTeX/pdftex/config/pdftex.map}]
*geometry* verbose mode - [ newgeometry ] result:
* driver: pdftex
* paper: a4paper
* layout: <same size as paper>
* layoutoffset:(h,v)=(0.0pt,0.0pt)
* modes: 
* h-part:(L,W,R)=(142.26378pt, 312.98032pt, 142.26378pt)
* v-part:(T,H,B)=(101.40665pt, 591.5302pt, 152.11pt)
* \paperwidth=597.50787pt
* \paperheight=845.04684pt
* \textwidth=312.98032pt
* \textheight=591.5302pt
* \oddsidemargin=69.99379pt
* \evensidemargin=69.99379pt
* \topmargin=-7.86334pt
* \headheight=12.0pt
* \headsep=25.0pt
* \topskip=10.0pt
* \footskip=30.0pt
* \marginparwidth=65.0pt
* \marginparsep=11.0pt
* \columnsep=10.0pt
* \skip\footins=9.0pt plus 4.0pt minus 2.0pt
* \hoffset=0.0pt
* \voffset=0.0pt
* \mag=1000
* \@twocolumnfalse
* \@twosidefalse
* \@mparswitchfalse
* \@reversemarginfalse
* (1in=72.27pt=25.4mm, 1cm=28.453pt)

pdfTeX warning (ext4): destination with the same identifier (name{page.1}) has 
been already used, duplicate ignored
<to be read again> 
                   \relax 
l.14 \end{abstract}
                    [1

]
\tf@toc=\write5
\openout5 = `master.toc'.

pdfTeX warning (ext4): destination with the same identifier (name{page.1}) has 
been already used, duplicate ignored
<to be read again> 
                   \relax 
l.19 \listoffigures
                    [1


]
\tf@lof=\write6
\openout6 = `master.lof'.


("E:/GitHub/Credit-Scorecard-Project/Report/LaTeX Document\docs/chapter-1.tex"
[2

]
Chapter 1.

Underfull \hbox (badness 10000) in paragraph at lines 4--5

 []


LaTeX Warning: Citation 'canner1998recent' on page 3 undefined on input line 9.



LaTeX Warning: Citation 'weicher1997home' on page 3 undefined on input line 9.


LaTeX Warning: Citation 'corelogic2016home' on page 3 undefined on input line 9
.


Underfull \hbox (badness 10000) in paragraph at lines 9--10

 []

[3

]

LaTeX Warning: Citation 'corelogic2016home' on page 4 undefined on input line 1
1.

)
Underfull \hbox (badness 10000) in paragraph at lines 14--22

 []

("E:/GitHub/Credit-Scorecard-Project/Report/LaTeX Document\docs/chapter-2.tex"
[4]
Chapter 2.

Underfull \hbox (badness 10000) in paragraph at lines 5--6

 []


Underfull \hbox (badness 10000) in paragraph at lines 7--8

 []


LaTeX Warning: Citation 'bailey2004credit' on page 5 undefined on input line 9.



LaTeX Warning: Reference `WOE' on page 5 undefined on input line 13.

[5

]
Underfull \hbox (badness 10000) in paragraph at lines 19--20

 []


LaTeX Warning: Reference `IV' on page 6 undefined on input line 21.


LaTeX Warning: Citation 'bailey2004credit' on page 6 undefined on input line 21
.


LaTeX Warning: Citation 'bailey2004credit' on page 6 undefined on input line 38
.


LaTeX Warning: Citation 'tape2000using' on page 6 undefined on input line 44.


Underfull \hbox (badness 10000) in paragraph at lines 44--45

 []


LaTeX Warning: Reference `AUC' on page 6 undefined on input line 46.


LaTeX Warning: Reference `GINI' on page 6 undefined on input line 52.

[6]
<figs/roc_example.png, id=62, 395.4775pt x 279.0425pt>
File: figs/roc_example.png Graphic file (type png)
<use figs/roc_example.png>
Package pdftex.def Info: figs/roc_example.png  used on input line 60.
(pdftex.def)             Requested size: 395.47653pt x 279.04181pt.


LaTeX Warning: Reference `KS' on page 7 undefined on input line 66.


LaTeX Warning: Citation 'yurdakul2018statistical' on page 7 undefined on input 
line 76.


Underfull \hbox (badness 10000) in paragraph at lines 76--77

 []

[7 <E:/GitHub/Credit-Scorecard-Project/Report/LaTeX Document/figs/roc_example.p
ng>]

LaTeX Warning: Citation 'bailey2004credit' on page 8 undefined on input line 78
.


LaTeX Warning: Reference `eq:psi' on page 8 undefined on input line 78.


LaTeX Warning: Citation 'yurdakul2018statistical' on page 8 undefined on input 
line 78.


Overfull \hbox (17.14825pt too wide) in paragraph at lines 78--79
\OT1/cmr/m/n/10 ated on more re-cent data. PSI can be cal-cu-lated us-ing the E
qua-tion ([])([]). 
 []


LaTeX Warning: Citation 'buhi2008out' on page 8 undefined on input line 88.


LaTeX Warning: Citation 'newman2014missing' on page 8 undefined on input line 8
8.


Underfull \hbox (badness 10000) in paragraph at lines 88--89

 []


Underfull \hbox (badness 10000) in paragraph at lines 94--95

 []


LaTeX Warning: Citation 'kerber1992chimerge' on page 8 undefined on input line 
96.


LaTeX Warning: Reference `CHI' on page 8 undefined on input line 96.

[8]

LaTeX Warning: Reference `AFREQ' on page 9 undefined on input line 102.

) ("E:/GitHub/Credit-Scorecard-Project/Report/LaTeX Document\docs/chapter-3.tex
" [9]
Chapter 3.

LaTeX Warning: Citation 'baesens2016credit' on page 10 undefined on input line 
3.


LaTeX Warning: Reference `MetaData' on page 10 undefined on input line 3.


LaTeX Warning: Reference `SUM_BFR_TBL' on page 10 undefined on input line 31.


LaTeX Warning: Citation 'nyitrai2019effects' on page 10 undefined on input line
 31.


Underfull \hbox (badness 10000) in paragraph at lines 31--32

 []

[10

]

LaTeX Warning: Reference `MORTDUE_IMPUTE' on page 11 undefined on input line 33
.


LaTeX Warning: Reference `VALUE_IMPUTE' on page 11 undefined on input line 33.


Underfull \hbox (badness 10000) in paragraph at lines 63--64

 []


Underfull \hbox (badness 10000) in paragraph at lines 65--66

 []


LaTeX Warning: Reference `DataCleanSummary' on page 11 undefined on input line 
67.


Underfull \hbox (badness 10000) in paragraph at lines 67--68

 []

[11]

LaTeX Warning: Reference `MORTDUE_IMPUTE' on page 12 undefined on input line 78
.


LaTeX Warning: Reference `VALUE_IMPUTE' on page 12 undefined on input line 79.


LaTeX Warning: Reference `SUM_AFT_TBL' on page 12 undefined on input line 95.


LaTeX Warning: Reference `loan_dist' on page 12 undefined on input line 99.


LaTeX Warning: Reference `CORR_TBL' on page 12 undefined on input line 99.

<figs/loan_dist.pdf, id=104, 1084.05pt x 578.16pt>
File: figs/loan_dist.pdf Graphic file (type pdf)
<use figs/loan_dist.pdf>
Package pdftex.def Info: figs/loan_dist.pdf  used on input line 103.
(pdftex.def)             Requested size: 433.61232pt x 231.2599pt.

Overfull \hbox (15.35864pt too wide) in paragraph at lines 103--104
 [][] 
 []

[12]

LaTeX Warning: Reference `mortdue_dist' on page 13 undefined on input line 109.



LaTeX Warning: Reference `value_dist' on page 13 undefined on input line 113.

<figs/mortdue_dist.pdf, id=112, 1084.05pt x 578.16pt>
File: figs/mortdue_dist.pdf Graphic file (type pdf)
<use figs/mortdue_dist.pdf>
Package pdftex.def Info: figs/mortdue_dist.pdf  used on input line 117.
(pdftex.def)             Requested size: 433.61232pt x 231.2599pt.

Overfull \hbox (15.35864pt too wide) in paragraph at lines 117--118
 [][] 
 []

[13 <E:/GitHub/Credit-Scorecard-Project/Report/LaTeX Document/figs/loan_dist.pd
f>]
<figs/value_dist.pdf, id=146, 1084.05pt x 578.16pt>
File: figs/value_dist.pdf Graphic file (type pdf)
<use figs/value_dist.pdf>
Package pdftex.def Info: figs/value_dist.pdf  used on input line 123.
(pdftex.def)             Requested size: 433.61232pt x 231.2599pt.

Overfull \hbox (15.35864pt too wide) in paragraph at lines 123--124
 [][] 
 []


LaTeX Warning: Reference `reason_cat' on page 14 undefined on input line 129.


LaTeX Warning: Reference `reason_count_tbl' on page 14 undefined on input line 
129.


LaTeX Warning: Reference `reason_cat' on page 14 undefined on input line 129.

[14 <E:/GitHub/Credit-Scorecard-Project/Report/LaTeX Document/figs/mortdue_dist
.pdf> <E:/GitHub/Credit-Scorecard-Project/Report/LaTeX Document/figs/value_dist
.pdf

pdfTeX warning: pdflatex (file E:/GitHub/Credit-Scorecard-Project/Report/LaTeX 
Document/figs/value_dist.pdf): PDF inclusion: multiple pdfs with page group inc
luded in a single page
>]
<figs/reason_cat.pdf, id=212, 975.645pt x 361.35pt>
File: figs/reason_cat.pdf Graphic file (type pdf)
<use figs/reason_cat.pdf>
Package pdftex.def Info: figs/reason_cat.pdf  used on input line 147.
(pdftex.def)             Requested size: 390.25108pt x 144.53743pt.


LaTeX Warning: Reference `job_cat' on page 15 undefined on input line 153.


LaTeX Warning: Reference `job_yoj_cat' on page 15 undefined on input line 153.


LaTeX Warning: Reference `job_cat' on page 15 undefined on input line 153.

[15 <E:/GitHub/Credit-Scorecard-Project/Report/LaTeX Document/figs/reason_cat.p
df>]
<figs/job_cat.pdf, id=259, 1084.05pt x 361.35pt>
File: figs/job_cat.pdf Graphic file (type pdf)
<use figs/job_cat.pdf>
Package pdftex.def Info: figs/job_cat.pdf  used on input line 175.
(pdftex.def)             Requested size: 433.61232pt x 144.53743pt.

Overfull \hbox (15.35864pt too wide) in paragraph at lines 175--176
 [][] 
 []

<figs/job_yoj_cat.pdf, id=260, 975.645pt x 361.35pt>
File: figs/job_yoj_cat.pdf Graphic file (type pdf)
<use figs/job_yoj_cat.pdf>
Package pdftex.def Info: figs/job_yoj_cat.pdf  used on input line 181.
(pdftex.def)             Requested size: 390.25108pt x 144.53743pt.

LaTeX Warning: Reference `yoj_dist' on page 16 undefined on input line 187.

[16 <E:/GitHub/Credit-Scorecard-Project/Report/LaTeX Document/figs/job_cat.pdf>
 <E:/GitHub/Credit-Scorecard-Project/Report/LaTeX Document/figs/job_yoj_cat.pdf


pdfTeX warning: pdflatex (file E:/GitHub/Credit-Scorecard-Project/Report/LaTeX 
Document/figs/job_yoj_cat.pdf): PDF inclusion: multiple pdfs with page group in
cluded in a single page
>]
<figs/yoj_dist.pdf, id=339, 1084.05pt x 578.16pt>
File: figs/yoj_dist.pdf Graphic file (type pdf)
<use figs/yoj_dist.pdf>
Package pdftex.def Info: figs/yoj_dist.pdf  used on input line 191.
(pdftex.def)             Requested size: 433.61232pt x 231.2599pt.

Overfull \hbox (15.35864pt too wide) in paragraph at lines 191--192
 [][] 
 []


LaTeX Warning: Reference `derog_cat' on page 17 undefined on input line 197.

<figs/derog_cat.pdf, id=340, 975.645pt x 361.35pt>
File: figs/derog_cat.pdf Graphic file (type pdf)
<use figs/derog_cat.pdf>
Package pdftex.def Info: figs/derog_cat.pdf  used on input line 201.
(pdftex.def)             Requested size: 390.25108pt x 144.53743pt.
[17 <E:/GitHub/Credit-Scorecard-Project/Report/LaTeX Document/figs/yoj_dist.pdf
>]
<figs/delinq_cat.pdf, id=375, 975.645pt x 361.35pt>
File: figs/delinq_cat.pdf Graphic file (type pdf)
<use figs/delinq_cat.pdf>
Package pdftex.def Info: figs/delinq_cat.pdf  used on input line 211.
(pdftex.def)             Requested size: 390.25108pt x 144.53743pt.


LaTeX Warning: Reference `clage_dist' on page 18 undefined on input line 217.

<figs/clage_dist.pdf, id=376, 1084.05pt x 578.16pt>
File: figs/clage_dist.pdf Graphic file (type pdf)
<use figs/clage_dist.pdf>
Package pdftex.def Info: figs/clage_dist.pdf  used on input line 221.
(pdftex.def)             Requested size: 433.61232pt x 231.2599pt.

Overfull \hbox (15.35864pt too wide) in paragraph at lines 221--222
 [][] 
 []

[18 <E:/GitHub/Credit-Scorecard-Project/Report/LaTeX Document/figs/derog_cat.pd
f> <E:/GitHub/Credit-Scorecard-Project/Report/LaTeX Document/figs/delinq_cat.pd
f

pdfTeX warning: pdflatex (file E:/GitHub/Credit-Scorecard-Project/Report/LaTeX 
Document/figs/delinq_cat.pdf): PDF inclusion: multiple pdfs with page group inc
luded in a single page
>]

LaTeX Warning: Reference `ninq_cat' on page 19 undefined on input line 227.

<figs/ninq_cat.pdf, id=443, 975.645pt x 361.35pt>
File: figs/ninq_cat.pdf Graphic file (type pdf)
<use figs/ninq_cat.pdf>
Package pdftex.def Info: figs/ninq_cat.pdf  used on input line 231.
(pdftex.def)             Requested size: 390.25108pt x 144.53743pt.

LaTeX Warning: Reference `clno_dist' on page 19 undefined on input line 237.

[19 <E:/GitHub/Credit-Scorecard-Project/Report/LaTeX Document/figs/clage_dist.p
df> <E:/GitHub/Credit-Scorecard-Project/Report/LaTeX Document/figs/ninq_cat.pdf


pdfTeX warning: pdflatex (file E:/GitHub/Credit-Scorecard-Project/Report/LaTeX 
Document/figs/ninq_cat.pdf): PDF inclusion: multiple pdfs with page group inclu
ded in a single page
>]
<figs/clno_dist.pdf, id=503, 1084.05pt x 578.16pt>
File: figs/clno_dist.pdf Graphic file (type pdf)
<use figs/clno_dist.pdf>
Package pdftex.def Info: figs/clno_dist.pdf  used on input line 241.
(pdftex.def)             Requested size: 433.61232pt x 231.2599pt.

Overfull \hbox (15.35864pt too wide) in paragraph at lines 241--242
 [][] 
 []


LaTeX Warning: Citation 'scorecardpy' on page 20 undefined on input line 247.


LaTeX Warning: Reference `woe_1' on page 20 undefined on input line 247.


LaTeX Warning: Reference `woe_2' on page 20 undefined on input line 247.


LaTeX Warning: Reference `chimerge' on page 20 undefined on input line 247.


LaTeX Warning: Reference `IV' on page 20 undefined on input line 247.


LaTeX Warning: Citation 'bailey2004credit' on page 20 undefined on input line 2
47.


Underfull \hbox (badness 10000) in paragraph at lines 247--248

 []


LaTeX Warning: Reference `fig:ClageWoe' on page 20 undefined on input line 249.



LaTeX Warning: Reference `SUM_BFR_TBL' on page 20 undefined on input line 249.

[20 <E:/GitHub/Credit-Scorecard-Project/Report/LaTeX Document/figs/clno_dist.pd
f>]
<figs/ninq_woe_plot.png, id=535, 536.0025pt x 320.19624pt>
File: figs/ninq_woe_plot.png Graphic file (type png)
<use figs/ninq_woe_plot.png>
Package pdftex.def Info: figs/ninq_woe_plot.png  used on input line 277.
(pdftex.def)             Requested size: 376.42575pt x 224.8687pt.
<figs/clage_woe_plot.png, id=536, 536.0025pt x 320.19624pt>
File: figs/clage_woe_plot.png Graphic file (type png)
<use figs/clage_woe_plot.png>
Package pdftex.def Info: figs/clage_woe_plot.png  used on input line 284.
(pdftex.def)             Requested size: 376.42575pt x 224.8687pt.
 [21] [22 <E:/GitHub/Credit-Scorecard-Project/Report/LaTeX Document/figs/ninq_w
oe_plot.png> <E:/GitHub/Credit-Scorecard-Project/Report/LaTeX Document/figs/cla
ge_woe_plot.png>] [23

]

LaTeX Warning: Text page 24 contains only floats.

[24])
("E:/GitHub/Credit-Scorecard-Project/Report/LaTeX Document\docs/chapter-4.tex"
Chapter 4.

LaTeX Warning: Reference `woe_1' on page 25 undefined on input line 5.


LaTeX Warning: Reference `woe_2' on page 25 undefined on input line 5.


LaTeX Warning: Citation 'statsmodels' on page 25 undefined on input line 5.


Underfull \hbox (badness 10000) in paragraph at lines 5--6

 []


LaTeX Warning: Reference `perf_eval' on page 25 undefined on input line 7.


LaTeX Warning: Reference `sec:perf_eval' on page 25 undefined on input line 7.


LaTeX Warning: Reference `perf_eval' on page 25 undefined on input line 7.


Underfull \hbox (badness 10000) in paragraph at lines 7--8

 []


LaTeX Warning: Reference `scorecard_plot' on page 25 undefined on input line 9.


<figs/ks_plot.png, id=561, 277.035pt x 279.0425pt>
File: figs/ks_plot.png Graphic file (type png)
<use figs/ks_plot.png>
Package pdftex.def Info: figs/ks_plot.png  used on input line 28.
(pdftex.def)             Requested size: 249.3292pt x 251.13591pt.
<figs/roc_plot.png, id=562, 277.035pt x 279.0425pt>
File: figs/roc_plot.png Graphic file (type png)
<use figs/roc_plot.png>
Package pdftex.def Info: figs/roc_plot.png  used on input line 34.
(pdftex.def)             Requested size: 249.3292pt x 251.13591pt.
[25


] [26 <E:/GitHub/Credit-Scorecard-Project/Report/LaTeX Document/figs/ks_plot.pn
g>] [27 <E:/GitHub/Credit-Scorecard-Project/Report/LaTeX Document/figs/roc_plot
.png>]
<figs/scorecard_plot.png, id=582, 878.28125pt x 592.2125pt>
File: figs/scorecard_plot.png Graphic file (type png)
<use figs/scorecard_plot.png>
Package pdftex.def Info: figs/scorecard_plot.png  used on input line 41.
(pdftex.def)             Requested size: 614.7927pt x 414.54591pt.

Overfull \hbox (23.2625pt too wide) in paragraph at lines 41--42
 [] 
 []


LaTeX Warning: Float too large for page by 29.29224pt on input line 44.

[28 <E:/GitHub/Credit-Scorecard-Project/Report/LaTeX Document/figs/scorecard_pl
ot.png>])
("E:/GitHub/Credit-Scorecard-Project/Report/LaTeX Document\docs/chapter-5.tex"
Chapter 5.

LaTeX Warning: Citation 'kraemer2020epidemiological' on page 29 undefined on in
put line 3.


Underfull \hbox (badness 10000) in paragraph at lines 3--4

 []


Underfull \hbox (badness 10000) in paragraph at lines 5--6

 []


LaTeX Warning: Reference `CovidData' on page 29 undefined on input line 7.


LaTeX Warning: Reference `table:covid_data_sum' on page 29 undefined on input l
ine 7.


Underfull \hbox (badness 10000) in paragraph at lines 7--8

 []


Overfull \hbox (13.02507pt too wide) in paragraph at lines 31--46
[][] 
 []


! LaTeX Error: Not in outer par mode.

See the LaTeX manual or LaTeX Companion for explanation.
Type  H <return>  for immediate help.
 ...                                              
                                                  
l.51 	\begin
            {center}
? H
You've lost some text.  Try typing  <return>  to proceed.
If that doesn't work, type  X <return>  to quit.
? 
) ("E:/GitHub/Credit-Scorecard-Project/Report/LaTeX Document\docs/appendix.tex"
[29



] [30] [31


]
Appendix A.

Underfull \hbox (badness 10000) in paragraph at lines 4--5

 []


Underfull \hbox (badness 10000) in paragraph at lines 6--7

 []


Underfull \hbox (badness 10000) in paragraph at lines 8--9

 []


Underfull \hbox (badness 10000) in paragraph at lines 10--11

 []


Underfull \hbox (badness 10000) in paragraph at lines 12--13

 []


Underfull \hbox (badness 10000) in paragraph at lines 14--15

 []

[32

]
Appendix B.
[33

] [34

] [35


] [36


]
Appendix C.
[37


] [38] [39] [40]
Appendix D.

(C:\Users\Alexander\AppData\Local\Programs\MiKTeX\tex/latex/listings\lstlang1.s
ty
File: lstlang1.sty 2020/03/24 1.8d listings language file
)
Package hyperref Info: bookmark level for unknown lstlisting defaults to 0 on i
nput line 206.

("E:/GitHub/Credit-Scorecard-Project/Report/LaTeX Document\code/cleaning_script
.py"
Overfull \hbox (1.7506pt too wide) in paragraph at lines 11--13
[][][][][][][][][][][][][][][][][][][][][][][][][][][][][] 
 []

LaTeX Font Info:    Trying to load font information for OML+cmr on input line 2
2.
(C:\Users\Alexander\AppData\Local\Programs\MiKTeX\tex/latex/base\omlcmr.fd
File: omlcmr.fd 2019/12/16 v2.5j Standard LaTeX font definitions
)
LaTeX Font Info:    Font shape `OML/cmr/m/n' in size <10> not available
(Font)              Font shape `OML/cmm/m/it' tried instead on input line 22.
LaTeX Font Info:    Trying to load font information for OMS+cmr on input line 2
3.

(C:\Users\Alexander\AppData\Local\Programs\MiKTeX\tex/latex/base\omscmr.fd
File: omscmr.fd 2019/12/16 v2.5j Standard LaTeX font definitions
)
LaTeX Font Info:    Font shape `OMS/cmr/m/n' in size <10> not available
(Font)              Font shape `OMS/cmsy/m/n' tried instead on input line 23.

Overfull \hbox (61.7512pt too wide) in paragraph at lines 30--31
[][][][][][][][][][][][][][][][][][][][][][][][][][][][][][][] 
 []


Overfull \hbox (25.75084pt too wide) in paragraph at lines 31--32
[][][][][][][][][][][][][][][][][][][][][][][][][][][][][][][] 
 []


Overfull \hbox (55.75114pt too wide) in paragraph at lines 32--33
[][][][][][][][][][][][][][][][][][][][][][][][][][][] 
 []


Overfull \hbox (31.7509pt too wide) in paragraph at lines 34--36
[][][][][][][][][][][][][][][][][][][][][][] 
 []

[41

]
Overfull \hbox (73.75133pt too wide) in paragraph at lines 40--42
[][][][][][][][][][][][][][][][][][][][][][][][][][][][][][] 
 []


Overfull \hbox (55.75114pt too wide) in paragraph at lines 43--44
[][][][][][][][][][][][][][][][][][][][][][][][][][][][][][][] 
 []


Overfull \hbox (25.75084pt too wide) in paragraph at lines 44--45
[][][][][][][][][][][][][][][][][][][][][][][][][][][][][][][] 
 []


Overfull \hbox (61.7512pt too wide) in paragraph at lines 45--46
[][][][][][][][][][][][][][][][][][][][][][][][][][][] 
 []


Overfull \hbox (49.75108pt too wide) in paragraph at lines 47--49
[][][][][][][][][][][][][][][][][][][][][][] 
 []


Overfull \hbox (67.75127pt too wide) in paragraph at lines 53--55
[][][][][][][][][][][][][][][][][][][][][][][][][][][][][][] 
 []


Overfull \hbox (31.7509pt too wide) in paragraph at lines 67--68
[][][][][][][][][][][][][][][][][][][][][][] 
 []


Overfull \hbox (1.7506pt too wide) in paragraph at lines 69--71
[][][][][][][][][][][][][][][][][] 
 []


Overfull \hbox (13.75072pt too wide) in paragraph at lines 82--83
[][][][][][][][][][][][][][][][][][][][][][][][][] 
 []

[42]
Overfull \hbox (1.7506pt too wide) in paragraph at lines 96--97
[][][][][][][][][][][][][][][][][][][][][][][][][][][][][][] 
 []

)
Overfull \hbox (79.75139pt too wide) in paragraph at lines 113--206
[][][][][][][][][][][][][][][][][][][][][][][][][][][][][][][] 
 []

)

LaTeX Warning: Empty bibliography on input line 35.

Package atveryend Info: Empty hook `BeforeClearDocument' on input line 37.
[43]
Package atveryend Info: Empty hook `AfterLastShipout' on input line 37.
 (master.aux)
Package atveryend Info: Executing hook `AtVeryEndDocument' on input line 37.
Package atveryend Info: Executing hook `AtEndAfterFileList' on input line 37.


Package rerunfilecheck Warning: File `master.out' has changed.
(rerunfilecheck)                Rerun to get outlines right
(rerunfilecheck)                or use package `bookmark'.

Package rerunfilecheck Info: Checksums for `master.out':
(rerunfilecheck)             Before: <no file>
(rerunfilecheck)             After:  A7B7068D5474461EF0DC4F65AAA52748;1255.

LaTeX Warning: There were undefined references.


LaTeX Warning: Label(s) may have changed. Rerun to get cross-references right.


Package biblatex Warning: Please (re)run BibTeX on the file(s):
(biblatex)                master
(biblatex)                and rerun LaTeX afterwards.

Package logreq Info: Writing requests to 'master.run.xml'.
\openout1 = `master.run.xml'.

Package atveryend Info: Empty hook `AtVeryVeryEnd' on input line 37.
 ) 
Here is how much of TeX's memory you used:
 22385 strings out of 480790
 422749 string characters out of 2895425
 1039832 words of memory out of 3000000
 37809 multiletter control sequences out of 15000+200000
 550203 words of font info for 90 fonts, out of 3000000 for 9000
 1141 hyphenation exceptions out of 8191
 41i,10n,48p,1355b,2481s stack positions out of 5000i,500n,10000p,200000b,50000s
 <C:\Users\Alexander\AppData\Local\MiKTeX\fonts/pk/ljfour/jknappen/ec/dpi600\
tcti1000.pk> <C:\Users\Alexander\AppData\Local\MiKTeX\fonts/pk/ljfour/jknappen/
ec/dpi600\tcrm1000.pk><C:/Users/Alexander/AppData/Local/Programs/MiKTeX/fonts/t
ype1/public/amsfonts/cm/cmbx10.pfb><C:/Users/Alexander/AppData/Local/Programs/M
iKTeX/fonts/type1/public/amsfonts/cm/cmbx12.pfb><C:/Users/Alexander/AppData/Loc
al/Programs/MiKTeX/fonts/type1/public/amsfonts/cm/cmex10.pfb><C:/Users/Alexande
r/AppData/Local/Programs/MiKTeX/fonts/type1/public/amsfonts/cm/cmmi10.pfb><C:/U
sers/Alexander/AppData/Local/Programs/MiKTeX/fonts/type1/public/amsfonts/cm/cmm
i5.pfb><C:/Users/Alexander/AppData/Local/Programs/MiKTeX/fonts/type1/public/ams
fonts/cm/cmmi7.pfb><C:/Users/Alexander/AppData/Local/Programs/MiKTeX/fonts/type
1/public/amsfonts/cm/cmr10.pfb><C:/Users/Alexander/AppData/Local/Programs/MiKTe
X/fonts/type1/public/amsfonts/cm/cmr12.pfb><C:/Users/Alexander/AppData/Local/Pr
ograms/MiKTeX/fonts/type1/public/amsfonts/cm/cmr17.pfb><C:/Users/Alexander/AppD
ata/Local/Programs/MiKTeX/fonts/type1/public/amsfonts/cm/cmr7.pfb><C:/Users/Ale
xander/AppData/Local/Programs/MiKTeX/fonts/type1/public/amsfonts/cm/cmsy10.pfb>
<C:/Users/Alexander/AppData/Local/Programs/MiKTeX/fonts/type1/public/amsfonts/c
m/cmsy7.pfb><C:/Users/Alexander/AppData/Local/Programs/MiKTeX/fonts/type1/publi
c/amsfonts/cm/cmti10.pfb>
Output written on master.pdf (45 pages, 555249 bytes).
PDF statistics:
 888 PDF objects out of 1000 (max. 8388607)
 244 named destinations out of 1000 (max. 500000)
 91 words of extra memory for PDF output out of 10000 (max. 10000000)

